[INFO ] 2021-11-18 11:34:00.447 [qtp1807015220-24] BookServiceImpl -Entered getAllBooks() in service.
[INFO ] 2021-11-18 11:34:00.482 [qtp1807015220-24] BookJdbcDaoImpl -Entered getAllBooks() in dao.
[INFO ] 2021-11-18 11:34:01.665 [qtp1807015220-24] BookJdbcDaoImpl -Exited getAllBooks() in dao.
[INFO ] 2021-11-18 11:34:01.666 [qtp1807015220-24] BookServiceImpl -Exited getAllBooks() in service.
[INFO ] 2021-11-18 11:37:48.660 [qtp1807015220-29] BookServiceImpl -Entered getAllBooks() in service.
[INFO ] 2021-11-18 11:37:48.661 [qtp1807015220-29] BookJdbcDaoImpl -Entered getAllBooks() in dao.
[INFO ] 2021-11-18 11:37:48.664 [qtp1807015220-29] BookJdbcDaoImpl -Exited getAllBooks() in dao.
[INFO ] 2021-11-18 11:37:48.664 [qtp1807015220-29] BookServiceImpl -Exited getAllBooks() in service.
[INFO ] 2021-11-18 11:37:58.489 [qtp1807015220-17] BookServiceImpl -Entered getAllBooks() in service.
[INFO ] 2021-11-18 11:37:58.489 [qtp1807015220-17] BookJdbcDaoImpl -Entered getAllBooks() in dao.
[INFO ] 2021-11-18 11:37:58.491 [qtp1807015220-17] BookJdbcDaoImpl -Exited getAllBooks() in dao.
[INFO ] 2021-11-18 11:37:58.491 [qtp1807015220-17] BookServiceImpl -Exited getAllBooks() in service.
[INFO ] 2021-11-18 11:38:17.383 [qtp1807015220-18] BookServiceImpl -Entered getAllBooks() in service.
[INFO ] 2021-11-18 11:38:17.384 [qtp1807015220-18] BookJdbcDaoImpl -Entered getAllBooks() in dao.
[INFO ] 2021-11-18 11:38:17.388 [qtp1807015220-18] BookJdbcDaoImpl -Exited getAllBooks() in dao.
[INFO ] 2021-11-18 11:38:17.388 [qtp1807015220-18] BookServiceImpl -Exited getAllBooks() in service.
[INFO ] 2021-11-18 11:43:06.346 [qtp1470358122-20] BookServiceImpl -Entered getAllBooks() in service.
[INFO ] 2021-11-18 11:43:06.364 [qtp1470358122-20] BookJdbcDaoImpl -Entered getAllBooks() in dao.
[INFO ] 2021-11-18 11:43:07.334 [qtp1470358122-20] BookJdbcDaoImpl -Exited getAllBooks() in dao.
[INFO ] 2021-11-18 11:43:07.335 [qtp1470358122-20] BookServiceImpl -Exited getAllBooks() in service.
[INFO ] 2021-11-18 11:48:11.317 [qtp1470358122-19] BookServiceImpl -Entered getAllBooks() in service.
[INFO ] 2021-11-18 11:48:11.357 [qtp1470358122-19] BookJdbcDaoImpl -Entered getAllBooks() in dao.
[INFO ] 2021-11-18 11:48:12.122 [qtp1470358122-19] BookJdbcDaoImpl -Exited getAllBooks() in dao.
[INFO ] 2021-11-18 11:48:12.124 [qtp1470358122-19] BookServiceImpl -Exited getAllBooks() in service.
[INFO ] 2021-11-18 15:25:51.505 [qtp1470358122-24] BookServiceImpl -Entered getAllBooks() in service.
[INFO ] 2021-11-18 15:25:51.523 [qtp1470358122-24] BookJdbcDaoImpl -Entered getAllBooks() in dao.
[INFO ] 2021-11-18 15:25:52.516 [qtp1470358122-24] BookJdbcDaoImpl -Exited getAllBooks() in dao.
[INFO ] 2021-11-18 15:25:52.516 [qtp1470358122-24] BookServiceImpl -Exited getAllBooks() in service.
[INFO ] 2021-11-18 15:26:03.142 [qtp1470358122-21] BookServiceImpl -Entered deleteBook() in service.
[INFO ] 2021-11-18 15:26:03.143 [qtp1470358122-21] BookJdbcDaoImpl -Entered deleteBook() in dao.
[INFO ] 2021-11-18 15:26:03.176 [qtp1470358122-21] BookJdbcDaoImpl -Exited deleteBook() in dao.
[INFO ] 2021-11-18 15:26:03.177 [qtp1470358122-21] BookServiceImpl -Exited deleteBook() in service.
[INFO ] 2021-11-18 15:26:03.191 [qtp1470358122-24] BookServiceImpl -Entered getAllBooks() in service.
[INFO ] 2021-11-18 15:26:03.191 [qtp1470358122-24] BookJdbcDaoImpl -Entered getAllBooks() in dao.
[INFO ] 2021-11-18 15:26:03.192 [qtp1470358122-24] BookJdbcDaoImpl -Exited getAllBooks() in dao.
[INFO ] 2021-11-18 15:26:03.193 [qtp1470358122-24] BookServiceImpl -Exited getAllBooks() in service.
[INFO ] 2021-11-18 15:38:32.921 [qtp1470358122-17] BookServiceImpl -Entered getAllBooks() in service.
[INFO ] 2021-11-18 15:38:32.972 [qtp1470358122-17] BookJdbcDaoImpl -Entered getAllBooks() in dao.
[INFO ] 2021-11-18 15:38:34.252 [qtp1470358122-17] BookJdbcDaoImpl -Exited getAllBooks() in dao.
[INFO ] 2021-11-18 15:38:34.253 [qtp1470358122-17] BookServiceImpl -Exited getAllBooks() in service.
[INFO ] 2021-11-18 15:39:12.813 [qtp1470358122-21] BookServiceImpl -Entered deleteBook() in service.
[INFO ] 2021-11-18 15:39:12.813 [qtp1470358122-21] BookJdbcDaoImpl -Entered deleteBook() in dao.
[INFO ] 2021-11-18 15:39:12.818 [qtp1470358122-21] BookJdbcDaoImpl -Exited deleteBook() in dao.
[INFO ] 2021-11-18 15:39:12.818 [qtp1470358122-21] BookServiceImpl -Exited deleteBook() in service.
[INFO ] 2021-11-18 15:39:12.828 [qtp1470358122-20] BookServiceImpl -Entered getAllBooks() in service.
[INFO ] 2021-11-18 15:39:12.828 [qtp1470358122-20] BookJdbcDaoImpl -Entered getAllBooks() in dao.
[INFO ] 2021-11-18 15:39:12.829 [qtp1470358122-20] BookJdbcDaoImpl -Exited getAllBooks() in dao.
[INFO ] 2021-11-18 15:39:12.829 [qtp1470358122-20] BookServiceImpl -Exited getAllBooks() in service.
[INFO ] 2021-11-18 15:51:55.253 [qtp1470358122-24] BookServiceImpl -Entered getAllBooks() in service.
[INFO ] 2021-11-18 15:51:55.308 [qtp1470358122-24] BookJdbcDaoImpl -Entered getAllBooks() in dao.
[INFO ] 2021-11-18 15:51:56.533 [qtp1470358122-24] BookJdbcDaoImpl -Exited getAllBooks() in dao.
[INFO ] 2021-11-18 15:51:56.533 [qtp1470358122-24] BookServiceImpl -Exited getAllBooks() in service.
[INFO ] 2021-11-18 15:52:32.975 [qtp1470358122-22] BookServiceImpl -Entered addBook() in service.
[INFO ] 2021-11-18 15:52:32.976 [qtp1470358122-22] BookJdbcDaoImpl -Entered addBook() in dao.
[INFO ] 2021-11-18 15:52:32.985 [qtp1470358122-22] BookJdbcDaoImpl -Exited addBook() in dao.
[INFO ] 2021-11-18 15:52:32.985 [qtp1470358122-22] BookServiceImpl -Exited addBook() in service.
[INFO ] 2021-11-18 15:52:32.998 [qtp1470358122-24] BookServiceImpl -Entered getAllBooks() in service.
[INFO ] 2021-11-18 15:52:32.999 [qtp1470358122-24] BookJdbcDaoImpl -Entered getAllBooks() in dao.
[INFO ] 2021-11-18 15:52:32.999 [qtp1470358122-24] BookJdbcDaoImpl -Exited getAllBooks() in dao.
[INFO ] 2021-11-18 15:52:33.000 [qtp1470358122-24] BookServiceImpl -Exited getAllBooks() in service.
[INFO ] 2021-11-18 15:58:07.457 [qtp1470358122-21] BookServiceImpl -Entered getAllBooks() in service.
[INFO ] 2021-11-18 15:58:07.501 [qtp1470358122-21] BookJdbcDaoImpl -Entered getAllBooks() in dao.
[INFO ] 2021-11-18 15:58:08.418 [qtp1470358122-21] BookJdbcDaoImpl -Exited getAllBooks() in dao.
[INFO ] 2021-11-18 15:58:08.419 [qtp1470358122-21] BookServiceImpl -Exited getAllBooks() in service.
[INFO ] 2021-11-18 15:58:28.865 [qtp1470358122-21] BookServiceImpl -Entered addBook() in service.
[INFO ] 2021-11-18 15:58:28.865 [qtp1470358122-21] BookJdbcDaoImpl -Entered addBook() in dao.
[INFO ] 2021-11-18 15:58:28.876 [qtp1470358122-21] BookJdbcDaoImpl -Exited addBook() in dao.
[INFO ] 2021-11-18 15:58:28.876 [qtp1470358122-21] BookServiceImpl -Exited addBook() in service.
[INFO ] 2021-11-18 15:58:28.898 [qtp1470358122-23] BookServiceImpl -Entered getAllBooks() in service.
[INFO ] 2021-11-18 15:58:28.898 [qtp1470358122-23] BookJdbcDaoImpl -Entered getAllBooks() in dao.
[INFO ] 2021-11-18 15:58:28.901 [qtp1470358122-23] BookJdbcDaoImpl -Exited getAllBooks() in dao.
[INFO ] 2021-11-18 15:58:28.902 [qtp1470358122-23] BookServiceImpl -Exited getAllBooks() in service.
